--------------------------------------------------------------------------------
Mon Jun  6 03:50:44 2016
2
--------------------------------------------------------------------------------
Mon Jun  6 03:50:49 2016

--------------------------------------------------------------------------------
Mon Jun  6 03:50:50 2016

--------------------------------------------------------------------------------
Mon Jun  6 03:50:53 2016
2
--------------------------------------------------------------------------------
Mon Jun  6 03:51:15 2016
L'utilisateur Rila a demandé l'affichage de la liste des users
--------------------------------------------------------------------------------
Mon Jun  6 03:51:18 2016
2
--------------------------------------------------------------------------------
Mon Jun  6 03:51:43 2016
L'utilisateur Rila a demandé un mot de passe aléatoire
--------------------------------------------------------------------------------
Mon Jun  6 04:26:09 2016
L'utilisateur Rila s'est déconnecté
--------------------------------------------------------------------------------
Mon Jun  6 04:41:31 2016
Connexion d'un nouvel utilisateur : 
yjeyj
--------------------------------------------------------------------------------
Mon Jun  6 04:41:33 2016
2
--------------------------------------------------------------------------------
Mon Jun  6 04:41:34 2016
L'utilisateur yjeyj a demandé un mot de passe aléatoire
--------------------------------------------------------------------------------
Mon Jun  6 04:41:42 2016
L'utilisateur yjeyj a demandé l'affichage de la liste des users
--------------------------------------------------------------------------------
Mon Jun  6 04:41:45 2016
L'utilisateur yjeyj a demandé l'affichage de la liste des users
--------------------------------------------------------------------------------
Mon Jun  6 04:41:58 2016
L'utilisateur yjeyj s'est déconnecté
--------------------------------------------------------------------------------
Mon Jun  6 12:42:42 2016
Connexion d'un nouvel utilisateur : 
trilaegf
--------------------------------------------------------------------------------
Mon Jun  6 12:42:44 2016
L'utilisateur trilaegf a demandé l'affichage de la liste des users
--------------------------------------------------------------------------------
Mon Jun  6 12:42:46 2016
2
--------------------------------------------------------------------------------
Mon Jun  6 12:44:14 2016
Connexion d'un nouvel utilisateur : 
egaegae
--------------------------------------------------------------------------------
Mon Jun  6 12:44:16 2016
Connexion d'un nouvel utilisateur : 
zrhrzhzr
--------------------------------------------------------------------------------
Mon Jun  6 12:44:18 2016
L'utilisateur egaegae a demandé l'affichage de la liste des users
--------------------------------------------------------------------------------
Mon Jun  6 12:44:20 2016
L'utilisateur zrhrzhzr a demandé l'affichage de la liste des users
